  [1m[36m (3.1ms)[0m  [1mCREATE TABLE "schema_migrations" ("version" varchar(255) NOT NULL) [0m
  [1m[35m (19.6ms)[0m  select sqlite_version(*)
  [1m[36m (4.1ms)[0m  [1mCREATE UNIQUE INDEX "unique_schema_migrations" ON "schema_migrations" ("version")[0m
  [1m[35mActiveRecord::SchemaMigration Load (0.3ms)[0m  SELECT "schema_migrations".* FROM "schema_migrations"
Migrating to CreateUsers (20140808183226)
  [1m[36m (0.1ms)[0m  [1mbegin transaction[0m
  [1m[35m (0.6ms)[0m  CREATE TABLE "users" ("id" INTEGER PRIMARY KEY AUTOINCREMENT NOT NULL, "first_name" varchar(255), "last_name" varchar(255), "email" varchar(255), "password" varchar(255), "points" integer, "is_admin" boolean, "created_at" datetime, "updated_at" datetime) 
  [1m[36mSQL (0.3ms)[0m  [1mINSERT INTO "schema_migrations" ("version") VALUES (?)[0m  [["version", "20140808183226"]]
  [1m[35m (3.9ms)[0m  commit transaction
  [1m[36mActiveRecord::SchemaMigration Load (0.1ms)[0m  [1mSELECT "schema_migrations".* FROM "schema_migrations"[0m


Started GET "/" for 127.0.0.1 at 2014-08-08 12:04:15 -0700
  [1m[36mActiveRecord::SchemaMigration Load (1.2ms)[0m  [1mSELECT "schema_migrations".* FROM "schema_migrations"[0m
Processing by Rails::WelcomeController#index as HTML
  Rendered /Users/Omfe/.rvm/gems/ruby-2.1.2/gems/railties-4.1.4/lib/rails/templates/rails/welcome/index.html.erb (2.8ms)
Completed 200 OK in 74ms (Views: 48.2ms | ActiveRecord: 0.0ms)


Started GET "/users" for 127.0.0.1 at 2014-08-08 12:04:39 -0700
Processing by UsersController#index as HTML
  [1m[35mUser Load (26.0ms)[0m  SELECT "users".* FROM "users"
  Rendered users/index.html.erb within layouts/application (28.8ms)
Completed 200 OK in 1337ms (Views: 1307.9ms | ActiveRecord: 26.0ms)


Started GET "/assets/users.css?body=1" for 127.0.0.1 at 2014-08-08 12:04:40 -0700


Started GET "/assets/scaffolds.css?body=1" for 127.0.0.1 at 2014-08-08 12:04:40 -0700


Started GET "/assets/application.css?body=1" for 127.0.0.1 at 2014-08-08 12:04:40 -0700


Started GET "/assets/jquery_ujs.js?body=1" for 127.0.0.1 at 2014-08-08 12:04:40 -0700


Started GET "/assets/jquery.js?body=1" for 127.0.0.1 at 2014-08-08 12:04:40 -0700


Started GET "/assets/turbolinks.js?body=1" for 127.0.0.1 at 2014-08-08 12:04:40 -0700


Started GET "/assets/users.js?body=1" for 127.0.0.1 at 2014-08-08 12:04:40 -0700


Started GET "/assets/application.js?body=1" for 127.0.0.1 at 2014-08-08 12:04:40 -0700


Started GET "/users/new" for 127.0.0.1 at 2014-08-08 12:04:46 -0700
Processing by UsersController#new as HTML
  Rendered users/_form.html.erb (186.7ms)
  Rendered users/new.html.erb within layouts/application (210.6ms)
Completed 200 OK in 251ms (Views: 246.9ms | ActiveRecord: 0.4ms)


Started POST "/users" for 127.0.0.1 at 2014-08-08 12:06:52 -0700
Processing by UsersController#create as HTML
  Parameters: {"utf8"=>"✓", "authenticity_token"=>"WVpaexdIPDxoIicPb6vXBzUCCn/UsorMvwiEYxIwzS4=", "user"=>{"first_name"=>"testing", "last_name"=>"", "email"=>"", "password"=>"[FILTERED]", "points"=>"", "is_admin"=>"0"}, "commit"=>"Create User"}
  [1m[36m (0.1ms)[0m  [1mbegin transaction[0m
  [1m[35mSQL (26.6ms)[0m  INSERT INTO "users" ("created_at", "email", "first_name", "is_admin", "last_name", "password", "updated_at") VALUES (?, ?, ?, ?, ?, ?, ?)  [["created_at", "2014-08-08 19:06:52.944191"], ["email", ""], ["first_name", "testing"], ["is_admin", "f"], ["last_name", ""], ["password", ""], ["updated_at", "2014-08-08 19:06:52.944191"]]
  [1m[36m (15.3ms)[0m  [1mcommit transaction[0m
Redirected to http://localhost:3000/users/1
Completed 302 Found in 64ms (ActiveRecord: 42.1ms)


Started GET "/users/1" for 127.0.0.1 at 2014-08-08 12:06:53 -0700
Processing by UsersController#show as HTML
  Parameters: {"id"=>"1"}
  [1m[35mUser Load (0.3ms)[0m  SELECT  "users".* FROM "users"  WHERE "users"."id" = ? LIMIT 1  [["id", 1]]
  Rendered users/show.html.erb within layouts/application (1.4ms)
Completed 200 OK in 13ms (Views: 9.9ms | ActiveRecord: 0.3ms)


Started GET "/assets/application.css?body=1" for 127.0.0.1 at 2014-08-08 12:06:53 -0700


Started GET "/assets/jquery.js?body=1" for 127.0.0.1 at 2014-08-08 12:06:53 -0700


Started GET "/assets/turbolinks.js?body=1" for 127.0.0.1 at 2014-08-08 12:06:53 -0700


Started GET "/assets/application.js?body=1" for 127.0.0.1 at 2014-08-08 12:06:53 -0700


Started GET "/assets/jquery_ujs.js?body=1" for 127.0.0.1 at 2014-08-08 12:06:53 -0700


Started GET "/users" for 127.0.0.1 at 2014-08-08 12:07:21 -0700
Processing by UsersController#index as HTML
  [1m[36mUser Load (0.2ms)[0m  [1mSELECT "users".* FROM "users"[0m
  Rendered users/index.html.erb within layouts/application (24.0ms)
Completed 200 OK in 31ms (Views: 29.8ms | ActiveRecord: 0.2ms)


Started GET "/users/1/edit" for 127.0.0.1 at 2014-08-08 12:07:27 -0700
Processing by UsersController#edit as HTML
  Parameters: {"id"=>"1"}
  [1m[35mUser Load (0.1ms)[0m  SELECT  "users".* FROM "users"  WHERE "users"."id" = ? LIMIT 1  [["id", 1]]
  Rendered users/_form.html.erb (4.3ms)
  Rendered users/edit.html.erb within layouts/application (6.1ms)
Completed 200 OK in 14ms (Views: 12.3ms | ActiveRecord: 0.1ms)
  [1m[36m (19.8ms)[0m  [1mCREATE TABLE "schema_migrations" ("version" character varying(255) NOT NULL) [0m
  [1m[35m (15.2ms)[0m  CREATE UNIQUE INDEX  "unique_schema_migrations" ON "schema_migrations"  ("version")
  [1m[36mActiveRecord::SchemaMigration Load (0.6ms)[0m  [1mSELECT "schema_migrations".* FROM "schema_migrations"[0m
Migrating to CreateUsers (20140808183226)
  [1m[35m (0.2ms)[0m  BEGIN
  [1m[36m (7.1ms)[0m  [1mCREATE TABLE "users" ("id" serial primary key, "first_name" character varying(255), "last_name" character varying(255), "email" character varying(255), "password" character varying(255), "points" integer, "is_admin" boolean, "created_at" timestamp, "updated_at" timestamp) [0m
  [1m[35mSQL (0.4ms)[0m  INSERT INTO "schema_migrations" ("version") VALUES ($1)  [["version", "20140808183226"]]
  [1m[36m (1.3ms)[0m  [1mCOMMIT[0m
  [1m[35mActiveRecord::SchemaMigration Load (0.4ms)[0m  SELECT "schema_migrations".* FROM "schema_migrations"
  [1m[36mUser Load (1.1ms)[0m  [1mSELECT "users".* FROM "users"[0m
  [1m[35m (0.4ms)[0m  SELECT COUNT(*) FROM "users"
  [1m[36m (0.5ms)[0m  [1mSELECT COUNT(*) FROM "users"[0m
  [1m[35m (0.6ms)[0m  SELECT COUNT(*) FROM "users"
  [1m[36m (0.6ms)[0m  [1mSELECT COUNT(*) FROM "users"[0m


Started GET "/users" for 127.0.0.1 at 2014-08-08 12:28:05 -0700
  [1m[36mActiveRecord::SchemaMigration Load (0.5ms)[0m  [1mSELECT "schema_migrations".* FROM "schema_migrations"[0m
Processing by UsersController#index as HTML
  [1m[35mUser Load (0.6ms)[0m  SELECT "users".* FROM "users"
  Rendered users/index.html.erb within layouts/application (4.7ms)
Completed 200 OK in 115ms (Views: 84.5ms | ActiveRecord: 0.6ms)


Started GET "/assets/application.css?body=1" for 127.0.0.1 at 2014-08-08 12:28:06 -0700


Started GET "/assets/jquery.js?body=1" for 127.0.0.1 at 2014-08-08 12:28:06 -0700


Started GET "/assets/users.css?body=1" for 127.0.0.1 at 2014-08-08 12:28:06 -0700


Started GET "/assets/users.js?body=1" for 127.0.0.1 at 2014-08-08 12:28:06 -0700


Started GET "/assets/scaffolds.css?body=1" for 127.0.0.1 at 2014-08-08 12:28:06 -0700


Started GET "/assets/jquery_ujs.js?body=1" for 127.0.0.1 at 2014-08-08 12:28:06 -0700


Started GET "/assets/turbolinks.js?body=1" for 127.0.0.1 at 2014-08-08 12:28:06 -0700


Started GET "/assets/application.js?body=1" for 127.0.0.1 at 2014-08-08 12:28:06 -0700
  [1m[35m (0.2ms)[0m  BEGIN
  [1m[36mSQL (0.7ms)[0m  [1mINSERT INTO "users" ("created_at", "email", "first_name", "is_admin", "updated_at") VALUES ($1, $2, $3, $4, $5) RETURNING "id"[0m  [["created_at", "2014-08-08 19:29:17.445472"], ["email", "omar@gmail.com"], ["first_name", "Omar"], ["is_admin", "t"], ["updated_at", "2014-08-08 19:29:17.445472"]]
  [1m[35m (1.3ms)[0m  COMMIT


Started GET "/users" for 127.0.0.1 at 2014-08-08 12:29:20 -0700
Processing by UsersController#index as HTML
  [1m[36mUser Load (1.0ms)[0m  [1mSELECT "users".* FROM "users"[0m
  Rendered users/index.html.erb within layouts/application (15.0ms)
Completed 200 OK in 22ms (Views: 18.4ms | ActiveRecord: 2.8ms)


Started GET "/assets/users.css?body=1" for 127.0.0.1 at 2014-08-08 12:29:20 -0700


Started GET "/assets/jquery.js?body=1" for 127.0.0.1 at 2014-08-08 12:29:20 -0700


Started GET "/assets/application.css?body=1" for 127.0.0.1 at 2014-08-08 12:29:20 -0700


Started GET "/assets/turbolinks.js?body=1" for 127.0.0.1 at 2014-08-08 12:29:20 -0700


Started GET "/assets/scaffolds.css?body=1" for 127.0.0.1 at 2014-08-08 12:29:20 -0700


Started GET "/assets/jquery_ujs.js?body=1" for 127.0.0.1 at 2014-08-08 12:29:20 -0700


Started GET "/assets/users.js?body=1" for 127.0.0.1 at 2014-08-08 12:29:20 -0700


Started GET "/assets/application.js?body=1" for 127.0.0.1 at 2014-08-08 12:29:20 -0700


Started GET "/users/1" for 127.0.0.1 at 2014-08-08 12:29:40 -0700
Processing by UsersController#show as HTML
  Parameters: {"id"=>"1"}
  [1m[35mUser Load (1.2ms)[0m  SELECT  "users".* FROM "users"  WHERE "users"."id" = $1 LIMIT 1  [["id", 1]]
  Rendered users/show.html.erb within layouts/application (1.4ms)
Completed 200 OK in 20ms (Views: 10.6ms | ActiveRecord: 1.6ms)


Started GET "/users/1/edit" for 127.0.0.1 at 2014-08-08 12:29:42 -0700
Processing by UsersController#edit as HTML
  Parameters: {"id"=>"1"}
  [1m[36mUser Load (3.3ms)[0m  [1mSELECT  "users".* FROM "users"  WHERE "users"."id" = $1 LIMIT 1[0m  [["id", 1]]
  Rendered users/_form.html.erb (65.2ms)
  Rendered users/edit.html.erb within layouts/application (136.6ms)
Completed 200 OK in 148ms (Views: 143.2ms | ActiveRecord: 3.3ms)


Started GET "/users" for 127.0.0.1 at 2014-08-08 12:29:46 -0700
Processing by UsersController#index as HTML
  [1m[35mUser Load (13.5ms)[0m  SELECT "users".* FROM "users"
  Rendered users/index.html.erb within layouts/application (26.5ms)
Completed 200 OK in 41ms (Views: 26.2ms | ActiveRecord: 13.5ms)
